<?xml version="1.0" encoding="UTF-8"?>
<!-- Generated by org.testng.reporters.JUnitXMLReporter -->
<testsuite ignored="0" hostname="EPINGUGW0218" failures="0" tests="4" name="SerenityBDDMavenHometask1" time="0.025" errors="0" timestamp="2022-06-09T13:15:54 IST">
  <testcase classname="org.example.TestNgTests.SmokeAndRegressionTests" name="test1" time="0.002"/>
  <testcase classname="org.example.TestNgTests.SmokeAndRegressionTests" name="test2" time="0.0"/>
  <testcase classname="org.example.TestNgTests.SmokeAndRegressionTests" name="test3" time="0.0"/>
  <testcase classname="org.example.TestNgTests.SmokeAndRegressionTests" name="test4" time="0.001"/>
</testsuite> <!-- SerenityBDDMavenHometask1 -->
