<?xml version="1.0" encoding="UTF-8"?>
<!-- Generated by org.testng.reporters.JUnitXMLReporter -->
<testsuite ignored="2" hostname="EPINGUGW0218" failures="0" tests="2" name="SerenityBDDMavenHometask1" time="0.028" errors="0" timestamp="2022-06-08T14:13:11 IST">
  <testcase classname="org.example.TestNgTests.SmokeAndRegressionTests" name="test3" time="0.004"/>
  <testcase classname="org.example.TestNgTests.SmokeAndRegressionTests" name="test4" time="0.001"/>
  <testcase classname="org.example.TestNgTests.SmokeAndRegressionTests" name="test1" time="0.0">
    <ignored/>
  </testcase> <!-- test1 -->
  <testcase classname="org.example.TestNgTests.SmokeAndRegressionTests" name="test2" time="0.0">
    <ignored/>
  </testcase> <!-- test2 -->
</testsuite> <!-- SerenityBDDMavenHometask1 -->
